<?xml version="1.0" encoding="UTF-8"?>
<testng-results ignored="0" total="1" passed="1" failed="0" skipped="0">
  <reporter-output>
  </reporter-output>
  <suite started-at="2022-04-15T00:05:11 IST" name="Default suite" finished-at="2022-04-15T00:05:21 IST" duration-ms="10517">
    <groups>
    </groups>
    <test started-at="2022-04-15T00:05:11 IST" name="Default test" finished-at="2022-04-15T00:05:21 IST" duration-ms="10517">
      <class name="testcases.verifysignup">
        <test-method is-config="true" signature="launchBrowser()[pri:0, instance:testcases.verifysignup@7e7be63f]" started-at="2022-04-15T00:05:11 IST" name="launchBrowser" finished-at="2022-04-15T00:05:17 IST" duration-ms="5829" status="PASS">
          <reporter-output>
          </reporter-output>
        </test-method> <!-- launchBrowser -->
        <test-method signature="signupData()[pri:0, instance:testcases.verifysignup@7e7be63f]" started-at="2022-04-15T00:05:17 IST" name="signupData" finished-at="2022-04-15T00:05:21 IST" duration-ms="4653" status="PASS">
          <reporter-output>
          </reporter-output>
        </test-method> <!-- signupData -->
      </class> <!-- testcases.verifysignup -->
    </test> <!-- Default test -->
  </suite> <!-- Default suite -->
</testng-results>
